#
# There is insufficient memory for the Java Runtime Environment to continue.
# Native memory allocation (malloc) failed to allocate 32784 bytes for Chunk::new
# Possible reasons:
#   The system is out of physical RAM or swap space
#   In 32 bit mode, the process size limit was hit
# Possible solutions:
#   Reduce memory load on the system
#   Increase physical memory or swap space
#   Check if swap backing store is full
#   Use 64 bit Java on a 64 bit OS
#   Decrease Java heap size (-Xmx/-Xms)
#   Decrease number of Java threads
#   Decrease Java thread stack sizes (-Xss)
#   Set larger code cache with -XX:ReservedCodeCacheSize=
# This output file may be truncated or incomplete.
#
#  Out of Memory Error (allocation.cpp:390), pid=11772, tid=10052
#
# JRE version: Java(TM) SE Runtime Environment (8.0_74-b02) (build 1.8.0_74-b02)
# Java VM: Java HotSpot(TM) 64-Bit Server VM (25.74-b02 mixed mode windows-amd64 compressed oops)
# Failed to write core dump. Minidumps are not enabled by default on client versions of Windows
#

---------------  T H R E A D  ---------------

Current thread (0x0000000056dc8000):  JavaThread "C2 CompilerThread1" daemon [_thread_in_native, id=10052, stack(0x0000000057260000,0x0000000057360000)]

Stack: [0x0000000057260000,0x0000000057360000]
[error occurred during error reporting (printing stack bounds), id 0xc0000005]

Native frames: (J=compiled Java code, j=interpreted, Vv=VM code, C=native code)


Current CompileTask:
C2:  31121 2547       4       com.android.dx.ssa.SsaConverter::convertToSsaMethod (41 bytes)


---------------  P R O C E S S  ---------------

Java Threads: ( => current thread )
  0x0000000057032000 JavaThread "pool-2-thread-4" [_thread_blocked, id=11060, stack(0x0000000057de0000,0x0000000057ee0000)]
  0x000000005702f000 JavaThread "pool-2-thread-3" [_thread_blocked, id=10852, stack(0x0000000057560000,0x0000000057660000)]
  0x000000005702d800 JavaThread "pool-2-thread-2" [_thread_blocked, id=14532, stack(0x0000000057cc0000,0x0000000057dc0000)]
  0x0000000057040000 JavaThread "pool-3-thread-1" [_thread_blocked, id=16440, stack(0x0000000057b70000,0x0000000057c70000)]
  0x000000005703e000 JavaThread "pool-2-thread-1" [_thread_blocked, id=11740, stack(0x0000000057a00000,0x0000000057b00000)]
  0x0000000056dcd000 JavaThread "Service Thread" daemon [_thread_blocked, id=12176, stack(0x0000000057660000,0x0000000057760000)]
  0x0000000056dc8800 JavaThread "C1 CompilerThread2" daemon [_thread_blocked, id=15328, stack(0x00000000573a0000,0x00000000574a0000)]
=>0x0000000056dc8000 JavaThread "C2 CompilerThread1" daemon [_thread_in_native, id=10052, stack(0x0000000057260000,0x0000000057360000)]
  0x0000000054f52000 JavaThread "C2 CompilerThread0" daemon [_thread_blocked, id=12632, stack(0x0000000056c70000,0x0000000056d70000)]
  0x0000000054f5f800 JavaThread "Attach Listener" daemon [_thread_blocked, id=7264, stack(0x00000000567e0000,0x00000000568e0000)]
  0x0000000054f5e000 JavaThread "Signal Dispatcher" daemon [_thread_blocked, id=10828, stack(0x0000000056ac0000,0x0000000056bc0000)]
  0x0000000054f3b000 JavaThread "Finalizer" daemon [_thread_blocked, id=15784, stack(0x00000000569a0000,0x0000000056aa0000)]
  0x0000000054ef4000 JavaThread "Reference Handler" daemon [_thread_blocked, id=456, stack(0x00000000565b0000,0x00000000566b0000)]
  0x0000000001d7e800 JavaThread "main" [_thread_blocked, id=12172, stack(0x00000000020f0000,0x00000000021f0000)]

Other Threads:
  0x0000000054eec000 VMThread [stack: 0x00000000566d0000,0x00000000567d0000] [id=4840]
  0x0000000056dd2000 WatcherThread [stack: 0x0000000057830000,0x0000000057930000] [id=9968]

VM state:not at safepoint (normal execution)

VM Mutex/Monitor currently owned by a thread: None

Heap:
 PSYoungGen      total 110080K, used 7157K [0x00000000eab00000, 0x00000000ff000000, 0x0000000100000000)
  eden space 104960K, 6% used [0x00000000eab00000,0x00000000eb1fd530,0x00000000f1180000)
  from space 5120K, 0% used [0x00000000f3200000,0x00000000f3200000,0x00000000f3700000)
  to   space 33280K, 0% used [0x00000000f1180000,0x00000000f1180000,0x00000000f3200000)
 ParOldGen       total 142848K, used 67121K [0x00000000c0000000, 0x00000000c8b80000, 0x00000000eab00000)
  object space 142848K, 46% used [0x00000000c0000000,0x00000000c418c768,0x00000000c8b80000)
 Metaspace       used 6590K, capacity 7256K, committed 7424K, reserved 1056768K
  class space    used 626K, capacity 656K, committed 768K, reserved 1048576K

Card table byte_map: [0x0000000011880000,0x0000000011a90000] byte_map_base: 0x0000000011280000

Marking Bits: (ParMarkBitMap*) 0x0000000055e20600
 Begin Bits: [0x0000000012360000, 0x0000000013360000)
 End Bits:   [0x0000000013360000, 0x0000000014360000)

Polling page: 0x0000000000210000

CodeCache: size=245760Kb used=10678Kb max_used=12641Kb free=235081Kb
 bounds [0x00000000024c0000, 0x0000000003160000, 0x00000000114c0000]
 total_blobs=2354 nmethods=2081 adapters=185
 compilation: enabled

Compilation events (10 events):
Event: 30.388 Thread 0x0000000054f52000 nmethod 2506 0x000000000313f550 code [0x0000000003140020, 0x000000000314bcc0]
Event: 30.467 Thread 0x0000000056dc8000 2543       4       java.util.RegularEnumSet::remove (74 bytes)
Event: 30.468 Thread 0x0000000056dc8000 nmethod 2543 0x000000000260a610 code [0x000000000260a760, 0x000000000260a838]
Event: 30.721 Thread 0x0000000056dc8800 2544 %     3       java.util.HashMap::resize @ 238 (359 bytes)
Event: 30.723 Thread 0x0000000056dc8800 nmethod 2544% 0x0000000002833090 code [0x0000000002833300, 0x0000000002834688]
Event: 30.723 Thread 0x0000000056dc8800 2545 %     3       java.util.HashMap::resize @ 154 (359 bytes)
Event: 30.725 Thread 0x0000000056dc8800 nmethod 2545% 0x000000000264c450 code [0x000000000264c6c0, 0x000000000264d968]
Event: 30.725 Thread 0x0000000054f52000 2546 %     4       java.util.HashMap::resize @ 238 (359 bytes)
Event: 30.739 Thread 0x0000000054f52000 nmethod 2546% 0x0000000002840d50 code [0x0000000002840ec0, 0x0000000002841688]
Event: 31.086 Thread 0x0000000056dc8000 2547       4       com.android.dx.ssa.SsaConverter::convertToSsaMethod (41 bytes)

GC Heap History (10 events):
Event: 7.064 GC heap before
{Heap before GC invocations=3 (full 0):
 PSYoungGen      total 71680K, used 71664K [0x00000000eab00000, 0x00000000ef600000, 0x0000000100000000)
  eden space 66560K, 100% used [0x00000000eab00000,0x00000000eec00000,0x00000000eec00000)
  from space 5120K, 99% used [0x00000000ef100000,0x00000000ef5fc168,0x00000000ef600000)
  to   space 5120K, 0% used [0x00000000eec00000,0x00000000eec00000,0x00000000ef100000)
 ParOldGen       total 87552K, used 3133K [0x00000000c0000000, 0x00000000c5580000, 0x00000000eab00000)
  object space 87552K, 3% used [0x00000000c0000000,0x00000000c030f550,0x00000000c5580000)
 Metaspace       used 6287K, capacity 7092K, committed 7296K, reserved 1056768K
  class space    used 606K, capacity 620K, committed 640K, reserved 1048576K
Event: 7.137 GC heap after
Heap after GC invocations=3 (full 0):
 PSYoungGen      total 71680K, used 5095K [0x00000000eab00000, 0x00000000f3700000, 0x0000000100000000)
  eden space 66560K, 0% used [0x00000000eab00000,0x00000000eab00000,0x00000000eec00000)
  from space 5120K, 99% used [0x00000000eec00000,0x00000000ef0f9f18,0x00000000ef100000)
  to   space 5120K, 0% used [0x00000000f3200000,0x00000000f3200000,0x00000000f3700000)
 ParOldGen       total 87552K, used 12325K [0x00000000c0000000, 0x00000000c5580000, 0x00000000eab00000)
  object space 87552K, 14% used [0x00000000c0000000,0x00000000c0c097e8,0x00000000c5580000)
 Metaspace       used 6287K, capacity 7092K, committed 7296K, reserved 1056768K
  class space    used 606K, capacity 620K, committed 640K, reserved 1048576K
}
Event: 15.761 GC heap before
{Heap before GC invocations=4 (full 0):
 PSYoungGen      total 71680K, used 71655K [0x00000000eab00000, 0x00000000f3700000, 0x0000000100000000)
  eden space 66560K, 100% used [0x00000000eab00000,0x00000000eec00000,0x00000000eec00000)
  from space 5120K, 99% used [0x00000000eec00000,0x00000000ef0f9f18,0x00000000ef100000)
  to   space 5120K, 0% used [0x00000000f3200000,0x00000000f3200000,0x00000000f3700000)
 ParOldGen       total 87552K, used 12325K [0x00000000c0000000, 0x00000000c5580000, 0x00000000eab00000)
  object space 87552K, 14% used [0x00000000c0000000,0x00000000c0c097e8,0x00000000c5580000)
 Metaspace       used 6375K, capacity 7156K, committed 7296K, reserved 1056768K
  class space    used 606K, capacity 620K, committed 640K, reserved 1048576K
Event: 15.885 GC heap after
Heap after GC invocations=4 (full 0):
 PSYoungGen      total 138240K, used 5096K [0x00000000eab00000, 0x00000000f3700000, 0x0000000100000000)
  eden space 133120K, 0% used [0x00000000eab00000,0x00000000eab00000,0x00000000f2d00000)
  from space 5120K, 99% used [0x00000000f3200000,0x00000000f36fa298,0x00000000f3700000)
  to   space 5120K, 0% used [0x00000000f2d00000,0x00000000f2d00000,0x00000000f3200000)
 ParOldGen       total 87552K, used 23262K [0x00000000c0000000, 0x00000000c5580000, 0x00000000eab00000)
  object space 87552K, 26% used [0x00000000c0000000,0x00000000c16b7b60,0x00000000c5580000)
 Metaspace       used 6375K, capacity 7156K, committed 7296K, reserved 1056768K
  class space    used 606K, capacity 620K, committed 640K, reserved 1048576K
}
Event: 23.529 GC heap before
{Heap before GC invocations=5 (full 0):
 PSYoungGen      total 138240K, used 138216K [0x00000000eab00000, 0x00000000f3700000, 0x0000000100000000)
  eden space 133120K, 100% used [0x00000000eab00000,0x00000000f2d00000,0x00000000f2d00000)
  from space 5120K, 99% used [0x00000000f3200000,0x00000000f36fa298,0x00000000f3700000)
  to   space 5120K, 0% used [0x00000000f2d00000,0x00000000f2d00000,0x00000000f3200000)
 ParOldGen       total 87552K, used 23262K [0x00000000c0000000, 0x00000000c5580000, 0x00000000eab00000)
  object space 87552K, 26% used [0x00000000c0000000,0x00000000c16b7b60,0x00000000c5580000)
 Metaspace       used 6571K, capacity 7256K, committed 7424K, reserved 1056768K
  class space    used 626K, capacity 656K, committed 768K, reserved 1048576K
Event: 24.291 GC heap after
Heap after GC invocations=5 (full 0):
 PSYoungGen      total 138240K, used 5105K [0x00000000eab00000, 0x00000000f3700000, 0x0000000100000000)
  eden space 133120K, 0% used [0x00000000eab00000,0x00000000eab00000,0x00000000f2d00000)
  from space 5120K, 99% used [0x00000000f2d00000,0x00000000f31fc500,0x00000000f3200000)
  to   space 5120K, 0% used [0x00000000f3200000,0x00000000f3200000,0x00000000f3700000)
 ParOldGen       total 87552K, used 45059K [0x00000000c0000000, 0x00000000c5580000, 0x00000000eab00000)
  object space 87552K, 51% used [0x00000000c0000000,0x00000000c2c00fb0,0x00000000c5580000)
 Metaspace       used 6571K, capacity 7256K, committed 7424K, reserved 1056768K
  class space    used 626K, capacity 656K, committed 768K, reserved 1048576K
}
Event: 28.222 GC heap before
{Heap before GC invocations=6 (full 0):
 PSYoungGen      total 138240K, used 138225K [0x00000000eab00000, 0x00000000f3700000, 0x0000000100000000)
  eden space 133120K, 100% used [0x00000000eab00000,0x00000000f2d00000,0x00000000f2d00000)
  from space 5120K, 99% used [0x00000000f2d00000,0x00000000f31fc500,0x00000000f3200000)
  to   space 5120K, 0% used [0x00000000f3200000,0x00000000f3200000,0x00000000f3700000)
 ParOldGen       total 87552K, used 45059K [0x00000000c0000000, 0x00000000c5580000, 0x00000000eab00000)
  object space 87552K, 51% used [0x00000000c0000000,0x00000000c2c00fb0,0x00000000c5580000)
 Metaspace       used 6589K, capacity 7256K, committed 7424K, reserved 1056768K
  class space    used 626K, capacity 656K, committed 768K, reserved 1048576K
Event: 28.295 GC heap after
Heap after GC invocations=6 (full 0):
 PSYoungGen      total 110080K, used 5107K [0x00000000eab00000, 0x00000000ff000000, 0x0000000100000000)
  eden space 104960K, 0% used [0x00000000eab00000,0x00000000eab00000,0x00000000f1180000)
  from space 5120K, 99% used [0x00000000f3200000,0x00000000f36fcdb8,0x00000000f3700000)
  to   space 33280K, 0% used [0x00000000f1180000,0x00000000f1180000,0x00000000f3200000)
 ParOldGen       total 87552K, used 65634K [0x00000000c0000000, 0x00000000c5580000, 0x00000000eab00000)
  object space 87552K, 74% used [0x00000000c0000000,0x00000000c4018900,0x00000000c5580000)
 Metaspace       used 6589K, capacity 7256K, committed 7424K, reserved 1056768K
  class space    used 626K, capacity 656K, committed 768K, reserved 1048576K
}
Event: 28.295 GC heap before
{Heap before GC invocations=7 (full 1):
 PSYoungGen      total 110080K, used 5107K [0x00000000eab00000, 0x00000000ff000000, 0x0000000100000000)
  eden space 104960K, 0% used [0x00000000eab00000,0x00000000eab00000,0x00000000f1180000)
  from space 5120K, 99% used [0x00000000f3200000,0x00000000f36fcdb8,0x00000000f3700000)
  to   space 33280K, 0% used [0x00000000f1180000,0x00000000f1180000,0x00000000f3200000)
 ParOldGen       total 87552K, used 65634K [0x00000000c0000000, 0x00000000c5580000, 0x00000000eab00000)
  object space 87552K, 74% used [0x00000000c0000000,0x00000000c4018900,0x00000000c5580000)
 Metaspace       used 6589K, capacity 7256K, committed 7424K, reserved 1056768K
  class space    used 626K, capacity 656K, committed 768K, reserved 1048576K
Event: 30.181 GC heap after
Heap after GC invocations=7 (full 1):
 PSYoungGen      total 110080K, used 0K [0x00000000eab00000, 0x00000000ff000000, 0x0000000100000000)
  eden space 104960K, 0% used [0x00000000eab00000,0x00000000eab00000,0x00000000f1180000)
  from space 5120K, 0% used [0x00000000f3200000,0x00000000f3200000,0x00000000f3700000)
  to   space 33280K, 0% used [0x00000000f1180000,0x00000000f1180000,0x00000000f3200000)
 ParOldGen       total 142848K, used 67121K [0x00000000c0000000, 0x00000000c8b80000, 0x00000000eab00000)
  object space 142848K, 46% used [0x00000000c0000000,0x00000000c418c768,0x00000000c8b80000)
 Metaspace       used 6589K, capacity 7256K, committed 7424K, reserved 1056768K
  class space    used 626K, capacity 656K, committed 768K, reserved 1048576K
}

Deoptimization events (10 events):
Event: 24.921 Thread 0x000000005702d800 Uncommon trap: reason=bimorphic action=maybe_recompile pc=0x0000000003074de4 method=com.android.dx.cf.code.BytecodeArray.parseInstruction(ILcom/android/dx/cf/code/BytecodeArray$Visitor;)I @ 939
Event: 25.779 Thread 0x000000005702d800 Uncommon trap: reason=unstable_if action=reinterpret pc=0x00000000030b53fc method=com.android.dx.ssa.LiteralOpUpgrader$1.visitNonMoveInsn(Lcom/android/dx/ssa/NormalSsaInsn;)V @ 176
Event: 25.814 Thread 0x000000005702d800 Uncommon trap: reason=bimorphic action=maybe_recompile pc=0x0000000002c98e1c method=java.util.HashMap.putVal(ILjava/lang/Object;Ljava/lang/Object;ZZ)Ljava/lang/Object; @ 203
Event: 25.961 Thread 0x000000005702d800 Uncommon trap: reason=bimorphic action=maybe_recompile pc=0x00000000030ee114 method=com.android.dx.cf.code.BytecodeArray.parseInstruction(ILcom/android/dx/cf/code/BytecodeArray$Visitor;)I @ 1287
Event: 25.961 Thread 0x000000005702d800 Uncommon trap: reason=bimorphic action=maybe_recompile pc=0x00000000030ee114 method=com.android.dx.cf.code.BytecodeArray.parseInstruction(ILcom/android/dx/cf/code/BytecodeArray$Visitor;)I @ 1287
Event: 26.262 Thread 0x000000005702d800 Uncommon trap: reason=unstable_if action=reinterpret pc=0x0000000002c96e24 method=java.util.HashMap.putVal(ILjava/lang/Object;Ljava/lang/Object;ZZ)Ljava/lang/Object; @ 162
Event: 26.262 Thread 0x000000005702d800 Uncommon trap: reason=unstable_if action=reinterpret pc=0x00000000029d9020 method=java.util.HashMap.putVal(ILjava/lang/Object;Ljava/lang/Object;ZZ)Ljava/lang/Object; @ 162
Event: 26.262 Thread 0x000000005702d800 Uncommon trap: reason=unstable_if action=reinterpret pc=0x00000000029ce7e4 method=java.util.HashMap.putVal(ILjava/lang/Object;Ljava/lang/Object;ZZ)Ljava/lang/Object; @ 109
Event: 28.215 Thread 0x000000005702d800 Uncommon trap: reason=bimorphic action=maybe_recompile pc=0x0000000002e6faf8 method=com.android.dx.cf.code.OneLocalsArray.set(ILcom/android/dx/rop/type/TypeBearer;)V @ 85
Event: 30.721 Thread 0x0000000057032000 Uncommon trap: reason=unstable_if action=reinterpret pc=0x0000000002b8e248 method=java.util.HashMap.resize()[Ljava/util/HashMap$Node; @ 206

Internal exceptions (10 events):
Event: 0.090 Thread 0x0000000001d7e800 Exception <a 'java/lang/NoSuchMethodError': Method sun.misc.Unsafe.defineClass(Ljava/lang/String;[BII)Ljava/lang/Class; name or signature does not match> (0x00000000eab07cc0) thrown at [C:\re\workspace\8-2-build-windows-amd64-cygwin\jdk8u74\6087\hotspot\sr»œl¨%·?
Event: 0.090 Thread 0x0000000001d7e800 Exception <a 'java/lang/NoSuchMethodError': Method sun.misc.Unsafe.prefetchRead(Ljava/lang/Object;J)V name or signature does not match> (0x00000000eab07fa8) thrown at [C:\re\workspace\8-2-build-windows-amd64-cygwin\jdk8u74\6087\hotspot\src\share\vm\prims\jÍC'Ôj@
Event: 2.263 Thread 0x000000005703e000 Implicit null exception at 0x00000000027bf3ee to 0x00000000027c1561
Event: 2.784 Thread 0x000000005702f000 Implicit null exception at 0x000000000281e092 to 0x000000000281e199
Event: 10.731 Thread 0x0000000057032000 Implicit null exception at 0x0000000002c0b0f8 to 0x0000000002c0fa51
Event: 13.497 Thread 0x000000005702f000 Implicit null exception at 0x0000000002c6caab to 0x0000000002c6e0bd
Event: 18.449 Thread 0x000000005702f000 Implicit null exception at 0x0000000002ab3e69 to 0x0000000002ab533d
Event: 20.033 Thread 0x000000005702d800 Exception <a 'java/lang/ArrayIndexOutOfBoundsException': 18> (0x00000000ef61b798) thrown at [C:\re\workspace\8-2-build-windows-amd64-cygwin\jdk8u74\6087\hotspot\src\share\vm\interpreter\interpreterRuntime.cpp, line 366]
Event: 20.035 Thread 0x000000005702d800 Exception <a 'java/lang/ArrayIndexOutOfBoundsException': 145> (0x00000000ef61d318) thrown at [C:\re\workspace\8-2-build-windows-amd64-cygwin\jdk8u74\6087\hotspot\src\share\vm\interpreter\interpreterRuntime.cpp, line 366]
Event: 20.036 Thread 0x000000005702d800 Exception <a 'java/lang/ArrayIndexOutOfBoundsException'> (0x00000000ef61e600) thrown at [C:\re\workspace\8-2-build-windows-amd64-cygwin\jdk8u74\6087\hotspot\src\share\vm\runtime\sharedRuntime.cpp, line 605]

Events (10 events):
Event: 30.739 Thread 0x0000000054f52000 flushing nmethod 0x0000000002955b50
Event: 30.739 Thread 0x0000000054f52000 flushing nmethod 0x0000000002959510
Event: 30.739 Thread 0x0000000054f52000 flushing nmethod 0x000000000295d310
Event: 30.740 Thread 0x0000000054f52000 flushing nmethod 0x0000000002978310
Event: 30.740 Thread 0x0000000054f52000 flushing nmethod 0x0000000002978e10
Event: 30.740 Thread 0x0000000054f52000 flushing nmethod 0x000000000297a150
Event: 30.740 Thread 0x0000000054f52000 flushing nmethod 0x0000000002984fd0
Event: 30.740 Thread 0x0000000054f52000 flushing nmethod 0x0000000002992310
Event: 30.740 Thread 0x0000000054f52000 flushing nmethod 0x00000000029a7010
Event: 30.740 Thread 0x0000000054f52000 flushing nmethod 0x00000000029ca210


Dynamic libraries:
0x000000013f570000 - 0x000000013f5a7000 	C:\Program Files\Java\jdk1.8.0_74\bin\java.exe
0x0000000077770000 - 0x000000007791a000 	C:\Windows\SYSTEM32\ntdll.dll
0x0000000077550000 - 0x000000007766f000 	C:\Windows\system32\kernel32.dll
0x000007fefd840000 - 0x000007fefd8aa000 	C:\Windows\system32\KERNELBASE.dll
0x000007fefe560000 - 0x000007fefe63b000 	C:\Windows\system32\ADVAPI32.dll
0x000007fefdf40000 - 0x000007fefdfdf000 	C:\Windows\system32\msvcrt.dll
0x000007fefe4a0000 - 0x000007fefe4bf000 	C:\Windows\SYSTEM32\sechost.dll
0x000007fefd8b0000 - 0x000007fefd9dd000 	C:\Windows\system32\RPCRT4.dll
0x0000000077670000 - 0x000000007776a000 	C:\Windows\system32\USER32.dll
0x000007fefe890000 - 0x000007fefe8f7000 	C:\Windows\system32\GDI32.dll
0x000007fefe3d0000 - 0x000007fefe3de000 	C:\Windows\system32\LPK.dll
0x000007fefe6b0000 - 0x000007fefe77a000 	C:\Windows\system32\USP10.dll
0x000007fefc550000 - 0x000007fefc744000 	C:\Windows\WinSxS\amd64_microsoft.windows.common-controls_6595b64144ccf1df_6.0.7601.18837_none_fa3b1e3d17594757\COMCTL32.dll
0x000007fefe0f0000 - 0x000007fefe161000 	C:\Windows\system32\SHLWAPI.dll
0x000007fefe860000 - 0x000007fefe88e000 	C:\Windows\system32\IMM32.DLL
0x000007fefdfe0000 - 0x000007fefe0e9000 	C:\Windows\system32\MSCTF.dll
0x0000000060100000 - 0x00000000601d2000 	C:\Program Files\Java\jdk1.8.0_74\jre\bin\msvcr100.dll
0x0000000055610000 - 0x0000000055ea0000 	C:\Program Files\Java\jdk1.8.0_74\jre\bin\server\jvm.dll
0x000007fefb4a0000 - 0x000007fefb4a9000 	C:\Windows\system32\WSOCK32.dll
0x000007fefe170000 - 0x000007fefe1bd000 	C:\Windows\system32\WS2_32.dll
0x000007fefe6a0000 - 0x000007fefe6a8000 	C:\Windows\system32\NSI.dll
0x000007fefbbf0000 - 0x000007fefbc2b000 	C:\Windows\system32\WINMM.dll
0x000007fefc270000 - 0x000007fefc27c000 	C:\Windows\system32\VERSION.dll
0x0000000077940000 - 0x0000000077947000 	C:\Windows\system32\PSAPI.DLL
0x0000000068ad0000 - 0x0000000068adf000 	C:\Program Files\Java\jdk1.8.0_74\jre\bin\verify.dll
0x0000000064800000 - 0x0000000064829000 	C:\Program Files\Java\jdk1.8.0_74\jre\bin\java.dll
0x00000000639d0000 - 0x00000000639e6000 	C:\Program Files\Java\jdk1.8.0_74\jre\bin\zip.dll
0x000007fefea90000 - 0x000007feff819000 	C:\Windows\system32\SHELL32.dll
0x000007fefe1c0000 - 0x000007fefe3c3000 	C:\Windows\system32\ole32.dll
0x000007fefd4f0000 - 0x000007fefd4ff000 	C:\Windows\system32\profapi.dll

VM Arguments:
jvm_args: -Djava.awt.headless=true -Xmx1024M -Dfile.encoding=windows-1252 -Duser.country=US -Duser.language=en -Duser.variant 
java_command: com.android.dx.command.Main --dex --force-jumbo --num-threads=4 --multi-dex --output C:\Anirudh\Learn\Udacity\AndroidBasics\QuizApp1\app\build\intermediates\transforms\dex\debug\folders\1000\10\com.android.support-support-v4-24.0.0_5dddf9e5aa485337983cf9de4db65d12e98809db C:\Anirudh\Learn\Udacity\AndroidBasics\QuizApp1\app\build\intermediates\exploded-aar\com.android.support\support-v4\24.0.0\jars\classes.jar
java_class_path (initial): C:\Users\anirudha.joshi\AppData\Local\Android\sdk\build-tools\23.0.3\lib\dx.jar
Launcher Type: SUN_STANDARD

Environment Variables:
PATH=C:\ProgramData\Oracle\Java\javapath;c:\Program Files (x86)\Intel\iCLS Client\;c:\Program Files\Intel\iCLS Client\;C:\Windows\SYSTEM32;C:\Windows;C:\Windows\SYSTEM32\WBEM;C:\Windows\SYSTEM32\WINDOWSPOWERSHELL\V1.0\;C:\PROGRAM FILES (X86)\ATI TECHNOLOGIES\ATI.ACE\CORE-STATIC;C:\PROGRAM FILES (X86)\COMMON FILES\ROXIO SHARED\OEM\DLLSHARED\;C:\PROGRAM FILES (X86)\COMMON FILES\ROXIO SHARED\OEM\DLLSHARED\;C:\PROGRAM FILES (X86)\COMMON FILES\ROXIO SHARED\OEM\12.0\DLLSHARED\;C:\PROGRAM FILES (X86)\ROXIO\OEM\AUDIOCORE\;C:\PROGRAM FILES (X86)\INTEL\SERVICES\IPT\;;c:\Program Files\WIDCOMM\Bluetooth Software\;c:\Program Files\WIDCOMM\Bluetooth Software\syswow64;;C:\Program Files\Intel\Intel(R) Management Engine Components\DAL;C:\Program Files\Intel\Intel(R) Management Engine Components\IPT;C:\Program Files (x86)\Intel\Intel(R) Management Engine Components\DAL;C:\Program Files (x86)\Intel\Intel(R) Management Engine Components\IPT;C:\Program Files (x86)\Microsoft SQL Server\100\Tools\Binn\;C:\Program Files\Microsoft SQL Server\100\Tools\Binn\;C:\Program Files\Microsoft SQL Server\100\DTS\Binn\;C:\Program Files (x86)\Microsoft SQL Server\100\Tools\Binn\VSShell\Common7\IDE\;C:\Program Files (x86)\Microsoft Visual Studio 9.0\Common7\IDE\PrivateAssemblies\;C:\Program Files (x86)\Microsoft SQL Server\100\DTS\Binn\;c:\Program Files\Microsoft SQL Server\110\Tools\Binn\;c:\Program Files (x86)\Microsoft SQL Server\110\Tools\Binn\;c:\Program Files\Microsoft SQL Server\110\DTS\Binn\;c:\Program Files (x86)\Microsoft SQL Server\110\Tools\Binn\ManagementStudio\;c:\Program Files (x86)\Microsoft SQL Server\110\DTS\Binn\;C:\opscode\chef\bin\;C:\Program Files\Microsoft SQL Server\130\Tools\Binn\;C:\Anirudh\Learn\Udacity\Python\Scripts\;C:\Anirudh\Learn\Udacity\Python\;C:\Chocolatey\bin;C:\Users\anirudha.joshi\AppData\Roaming\scriptcs;c:\Inveshare\projects\xsd;
USERNAME=anirudha.joshi
OS=Windows_NT
PROCESSOR_IDENTIFIER=Intel64 Family 6 Model 69 Stepping 1, GenuineIntel



---------------  S Y S T E M  ---------------

OS: Windows 7 , 64 bit Build 7601 (6.1.7601.23418)

CPU:total 4 (2 cores per cpu, 2 threads per core) family 6 model 69 stepping 1, cmov, cx8, fxsr, mmx, sse, sse2, sse3, ssse3, sse4.1, sse4.2, popcnt, avx, avx2, aes, clmul, erms, lzcnt, ht, tsc, tscinvbit, bmi1, bmi2

Memory: 4k page, physical 8283248k(94892k free), swap 12475692k(4364k free)

vm_info: Java HotSpot(TM) 64-Bit Server VM (25.74-b02) for windows-amd64 JRE (1.8.0_74-b02), built on Jan 29 2016 17:42:36 by "java_re" with MS VC++ 10.0 (VS2010)

time: Tue Jun 28 10:10:10 2016
elapsed time: 31 seconds (0d 0h 0m 31s)

