#
# There is insufficient memory for the Java Runtime Environment to continue.
# Native memory allocation (malloc) failed to allocate 32744 bytes for ChunkPool::allocate
# Possible reasons:
#   The system is out of physical RAM or swap space
#   In 32 bit mode, the process size limit was hit
# Possible solutions:
#   Reduce memory load on the system
#   Increase physical memory or swap space
#   Check if swap backing store is full
#   Use 64 bit Java on a 64 bit OS
#   Decrease Java heap size (-Xmx/-Xms)
#   Decrease number of Java threads
#   Decrease Java thread stack sizes (-Xss)
#   Set larger code cache with -XX:ReservedCodeCacheSize=
# This output file may be truncated or incomplete.
#
#  Out of Memory Error (allocation.cpp:273), pid=18152, tid=11952
#
# JRE version: Java(TM) SE Runtime Environment (8.0_74-b02) (build 1.8.0_74-b02)
# Java VM: Java HotSpot(TM) 64-Bit Server VM (25.74-b02 mixed mode windows-amd64 compressed oops)
# Failed to write core dump. Minidumps are not enabled by default on client versions of Windows
#

---------------  T H R E A D  ---------------

Current thread (0x0000000057165800):  JavaThread "C2 CompilerThread1" daemon [_thread_in_native, id=11952, stack(0x00000000576a0000,0x00000000577a0000)]

Stack: [0x00000000576a0000,0x00000000577a0000]
[error occurred during error reporting (printing stack bounds), id 0xc0000005]

Native frames: (J=compiled Java code, j=interpreted, Vv=VM code, C=native code)


Current CompileTask:
C2:   2391  630       4       com.android.dx.rop.code.BasicBlockList::get (9 bytes)


---------------  P R O C E S S  ---------------

Java Threads: ( => current thread )
  0x0000000057295000 JavaThread "pool-2-thread-4" [_thread_in_Java, id=11664, stack(0x00000000580f0000,0x00000000581f0000)]
  0x0000000057290800 JavaThread "pool-2-thread-3" [_thread_blocked, id=16628, stack(0x0000000057ec0000,0x0000000057fc0000)]
  0x000000005728f000 JavaThread "pool-2-thread-2" [_thread_in_Java, id=7492, stack(0x0000000057da0000,0x0000000057ea0000)]
  0x000000005728c000 JavaThread "pool-3-thread-1" [_thread_blocked, id=18944, stack(0x0000000057c30000,0x0000000057d30000)]
  0x000000005728a000 JavaThread "pool-2-thread-1" [_thread_in_vm, id=11344, stack(0x0000000057a10000,0x0000000057b10000)]
  0x000000005716a000 JavaThread "Service Thread" daemon [_thread_blocked, id=11256, stack(0x0000000057530000,0x0000000057630000)]
  0x0000000054ee9000 JavaThread "C1 CompilerThread2" daemon [_thread_in_native, id=3916, stack(0x0000000056b00000,0x0000000056c00000)]
=>0x0000000057165800 JavaThread "C2 CompilerThread1" daemon [_thread_in_native, id=11952, stack(0x00000000576a0000,0x00000000577a0000)]
  0x0000000054ee2000 JavaThread "C2 CompilerThread0" daemon [_thread_in_native, id=15908, stack(0x0000000057010000,0x0000000057110000)]
  0x0000000054eef800 JavaThread "Attach Listener" daemon [_thread_blocked, id=16456, stack(0x0000000056eb0000,0x0000000056fb0000)]
  0x0000000054eee000 JavaThread "Signal Dispatcher" daemon [_thread_blocked, id=13388, stack(0x0000000056d90000,0x0000000056e90000)]
  0x0000000054ecb000 JavaThread "Finalizer" daemon [_thread_blocked, id=14592, stack(0x0000000056c10000,0x0000000056d10000)]
  0x0000000054e84000 JavaThread "Reference Handler" daemon [_thread_blocked, id=17680, stack(0x0000000056a00000,0x0000000056b00000)]
  0x0000000001f3e800 JavaThread "main" [_thread_in_Java, id=15760, stack(0x00000000021f0000,0x00000000022f0000)]

Other Threads:
  0x0000000054e7c000 VMThread [stack: 0x0000000056820000,0x0000000056920000] [id=15904]
  0x0000000057176800 WatcherThread [stack: 0x0000000057880000,0x0000000057980000] [id=15352]

VM state:not at safepoint (normal execution)

VM Mutex/Monitor currently owned by a thread: None

Heap:
 PSYoungGen      total 38400K, used 17346K [0x00000000eab00000, 0x00000000ed580000, 0x0000000100000000)
  eden space 33280K, 52% used [0x00000000eab00000,0x00000000ebbf08c8,0x00000000ecb80000)
  from space 5120K, 0% used [0x00000000ed080000,0x00000000ed080000,0x00000000ed580000)
  to   space 5120K, 0% used [0x00000000ecb80000,0x00000000ecb80000,0x00000000ed080000)
 ParOldGen       total 87552K, used 0K [0x00000000c0000000, 0x00000000c5580000, 0x00000000eab00000)
  object space 87552K, 0% used [0x00000000c0000000,0x00000000c0000000,0x00000000c5580000)
 Metaspace       used 5687K, capacity 6640K, committed 6784K, reserved 1056768K
  class space    used 595K, capacity 616K, committed 640K, reserved 1048576K

Card table byte_map: [0x0000000011980000,0x0000000011b90000] byte_map_base: 0x0000000011380000

Marking Bits: (ParMarkBitMap*) 0x0000000055e20600
 Begin Bits: [0x00000000122f0000, 0x00000000132f0000)
 End Bits:   [0x00000000132f0000, 0x00000000142f0000)

Polling page: 0x0000000000120000

CodeCache: size=245760Kb used=2450Kb max_used=2461Kb free=243309Kb
 bounds [0x00000000025c0000, 0x0000000002830000, 0x00000000115c0000]
 total_blobs=932 nmethods=663 adapters=182
 compilation: enabled

Compilation events (10 events):
Event: 2.343 Thread 0x0000000054ee9000 nmethod 683 0x00000000028221d0 code [0x00000000028223c0, 0x0000000002822c78]
Event: 2.343 Thread 0x0000000054ee9000  686       3       com.android.dx.rop.code.RegisterSpec::intersect (169 bytes)
Event: 2.345 Thread 0x0000000054ee9000 nmethod 686 0x0000000002823090 code [0x00000000028232e0, 0x0000000002824268]
Event: 2.345 Thread 0x0000000054ee9000  684       3       com.android.dx.ssa.LocalVariableInfo::mergeStarts (59 bytes)
Event: 2.345 Thread 0x0000000054ee9000 nmethod 684 0x0000000002824710 code [0x00000000028248e0, 0x0000000002824fd8]
Event: 2.345 Thread 0x0000000054ee9000  685   !   3       com.android.dx.rop.code.RegisterSpecSet::get (18 bytes)
Event: 2.345 Thread 0x0000000054ee9000 nmethod 685 0x0000000002825390 code [0x0000000002825500, 0x0000000002825768]
Event: 2.345 Thread 0x0000000054ee9000  677   !   3       com.android.dx.cf.code.BytecodeArray::parseInstruction (2764 bytes)
Event: 2.351 Thread 0x0000000057165800  630       4       com.android.dx.rop.code.BasicBlockList::get (9 bytes)
Event: 2.351 Thread 0x0000000054ee2000  674   !   4       com.android.dx.util.FixedSizeList::set0 (22 bytes)

GC Heap History (0 events):
No events

Deoptimization events (0 events):
No events

Internal exceptions (2 events):
Event: 0.219 Thread 0x0000000001f3e800 Exception <a 'java/lang/NoSuchMethodError': Method sun.misc.Unsafe.defineClass(Ljava/lang/String;[BII)Ljava/lang/Class; name or signature does not match> (0x00000000eab07cc0) thrown at [C:\re\workspace\8-2-build-windows-amd64-cygwin\jdk8u74\6087\hotspot\sr[%éÚWÌ?
Event: 0.219 Thread 0x0000000001f3e800 Exception <a 'java/lang/NoSuchMethodError': Method sun.misc.Unsafe.prefetchRead(Ljava/lang/Object;J)V name or signature does not match> (0x00000000eab07fa8) thrown at [C:\re\workspace\8-2-build-windows-amd64-cygwin\jdk8u74\6087\hotspot\src\share\vm\prims\j

Events (10 events):
Event: 1.799 loading class com/android/dx/dex/file/MethodAnnotationStruct
Event: 1.799 loading class com/android/dx/dex/file/MethodAnnotationStruct done
Event: 1.812 loading class com/android/dx/ssa/PhiInsn$Operand
Event: 1.812 loading class com/android/dx/ssa/PhiInsn$Operand done
Event: 1.816 loading class com/android/dx/ssa/back/FirstFitLocalCombiningAllocator$Multiset
Event: 1.816 loading class com/android/dx/ssa/back/FirstFitLocalCombiningAllocator$Multiset done
Event: 1.852 loading class com/android/dx/cf/code/BytecodeArray$ConstantParserVisitor
Event: 1.852 loading class com/android/dx/cf/code/BytecodeArray$ConstantParserVisitor done
Event: 2.290 loading class java/util/ArrayList$1
Event: 2.290 loading class java/util/ArrayList$1 done


Dynamic libraries:
0x000000013f570000 - 0x000000013f5a7000 	C:\Program Files\Java\jdk1.8.0_74\bin\java.exe
0x0000000077770000 - 0x000000007791a000 	C:\Windows\SYSTEM32\ntdll.dll
0x0000000077550000 - 0x000000007766f000 	C:\Windows\system32\kernel32.dll
0x000007fefd840000 - 0x000007fefd8aa000 	C:\Windows\system32\KERNELBASE.dll
0x000007fefe560000 - 0x000007fefe63b000 	C:\Windows\system32\ADVAPI32.dll
0x000007fefdf40000 - 0x000007fefdfdf000 	C:\Windows\system32\msvcrt.dll
0x000007fefe4a0000 - 0x000007fefe4bf000 	C:\Windows\SYSTEM32\sechost.dll
0x000007fefd8b0000 - 0x000007fefd9dd000 	C:\Windows\system32\RPCRT4.dll
0x0000000077670000 - 0x000000007776a000 	C:\Windows\system32\USER32.dll
0x000007fefe890000 - 0x000007fefe8f7000 	C:\Windows\system32\GDI32.dll
0x000007fefe3d0000 - 0x000007fefe3de000 	C:\Windows\system32\LPK.dll
0x000007fefe6b0000 - 0x000007fefe77a000 	C:\Windows\system32\USP10.dll
0x000007fefc550000 - 0x000007fefc744000 	C:\Windows\WinSxS\amd64_microsoft.windows.common-controls_6595b64144ccf1df_6.0.7601.18837_none_fa3b1e3d17594757\COMCTL32.dll
0x000007fefe0f0000 - 0x000007fefe161000 	C:\Windows\system32\SHLWAPI.dll
0x000007fefe860000 - 0x000007fefe88e000 	C:\Windows\system32\IMM32.DLL
0x000007fefdfe0000 - 0x000007fefe0e9000 	C:\Windows\system32\MSCTF.dll
0x0000000060100000 - 0x00000000601d2000 	C:\Program Files\Java\jdk1.8.0_74\jre\bin\msvcr100.dll
0x0000000055610000 - 0x0000000055ea0000 	C:\Program Files\Java\jdk1.8.0_74\jre\bin\server\jvm.dll
0x000007fefb4a0000 - 0x000007fefb4a9000 	C:\Windows\system32\WSOCK32.dll
0x000007fefe170000 - 0x000007fefe1bd000 	C:\Windows\system32\WS2_32.dll
0x000007fefe6a0000 - 0x000007fefe6a8000 	C:\Windows\system32\NSI.dll
0x000007fefbbf0000 - 0x000007fefbc2b000 	C:\Windows\system32\WINMM.dll
0x000007fefc270000 - 0x000007fefc27c000 	C:\Windows\system32\VERSION.dll
0x0000000077940000 - 0x0000000077947000 	C:\Windows\system32\PSAPI.DLL
0x0000000068ad0000 - 0x0000000068adf000 	C:\Program Files\Java\jdk1.8.0_74\jre\bin\verify.dll
0x0000000064800000 - 0x0000000064829000 	C:\Program Files\Java\jdk1.8.0_74\jre\bin\java.dll
0x00000000639d0000 - 0x00000000639e6000 	C:\Program Files\Java\jdk1.8.0_74\jre\bin\zip.dll
0x000007fefea90000 - 0x000007feff819000 	C:\Windows\system32\SHELL32.dll
0x000007fefe1c0000 - 0x000007fefe3c3000 	C:\Windows\system32\ole32.dll
0x000007fefd4f0000 - 0x000007fefd4ff000 	C:\Windows\system32\profapi.dll

VM Arguments:
jvm_args: -Djava.awt.headless=true -Xmx1024M -Dfile.encoding=windows-1252 -Duser.country=US -Duser.language=en -Duser.variant 
java_command: com.android.dx.command.Main --dex --force-jumbo --num-threads=4 --multi-dex --output C:\Anirudh\Learn\Udacity\AndroidBasics\QuizApp1\app\build\intermediates\transforms\dex\debug\folders\1000\10\instant-run_a5877d0594c13977d4c8909b5307c9b48cf22736 C:\Anirudh\Learn\Udacity\AndroidBasics\QuizApp1\app\build\intermediates\incremental-runtime-classes\debug\instant-run.jar
java_class_path (initial): C:\Users\anirudha.joshi\AppData\Local\Android\sdk\build-tools\23.0.3\lib\dx.jar
Launcher Type: SUN_STANDARD

Environment Variables:
PATH=C:\ProgramData\Oracle\Java\javapath;c:\Program Files (x86)\Intel\iCLS Client\;c:\Program Files\Intel\iCLS Client\;C:\Windows\SYSTEM32;C:\Windows;C:\Windows\SYSTEM32\WBEM;C:\Windows\SYSTEM32\WINDOWSPOWERSHELL\V1.0\;C:\PROGRAM FILES (X86)\ATI TECHNOLOGIES\ATI.ACE\CORE-STATIC;C:\PROGRAM FILES (X86)\COMMON FILES\ROXIO SHARED\OEM\DLLSHARED\;C:\PROGRAM FILES (X86)\COMMON FILES\ROXIO SHARED\OEM\DLLSHARED\;C:\PROGRAM FILES (X86)\COMMON FILES\ROXIO SHARED\OEM\12.0\DLLSHARED\;C:\PROGRAM FILES (X86)\ROXIO\OEM\AUDIOCORE\;C:\PROGRAM FILES (X86)\INTEL\SERVICES\IPT\;;c:\Program Files\WIDCOMM\Bluetooth Software\;c:\Program Files\WIDCOMM\Bluetooth Software\syswow64;;C:\Program Files\Intel\Intel(R) Management Engine Components\DAL;C:\Program Files\Intel\Intel(R) Management Engine Components\IPT;C:\Program Files (x86)\Intel\Intel(R) Management Engine Components\DAL;C:\Program Files (x86)\Intel\Intel(R) Management Engine Components\IPT;C:\Program Files (x86)\Microsoft SQL Server\100\Tools\Binn\;C:\Program Files\Microsoft SQL Server\100\Tools\Binn\;C:\Program Files\Microsoft SQL Server\100\DTS\Binn\;C:\Program Files (x86)\Microsoft SQL Server\100\Tools\Binn\VSShell\Common7\IDE\;C:\Program Files (x86)\Microsoft Visual Studio 9.0\Common7\IDE\PrivateAssemblies\;C:\Program Files (x86)\Microsoft SQL Server\100\DTS\Binn\;c:\Program Files\Microsoft SQL Server\110\Tools\Binn\;c:\Program Files (x86)\Microsoft SQL Server\110\Tools\Binn\;c:\Program Files\Microsoft SQL Server\110\DTS\Binn\;c:\Program Files (x86)\Microsoft SQL Server\110\Tools\Binn\ManagementStudio\;c:\Program Files (x86)\Microsoft SQL Server\110\DTS\Binn\;C:\opscode\chef\bin\;C:\Program Files\Microsoft SQL Server\130\Tools\Binn\;C:\Anirudh\Learn\Udacity\Python\Scripts\;C:\Anirudh\Learn\Udacity\Python\;C:\Chocolatey\bin;C:\Users\anirudha.joshi\AppData\Roaming\scriptcs;c:\Inveshare\projects\xsd;
USERNAME=anirudha.joshi
OS=Windows_NT
PROCESSOR_IDENTIFIER=Intel64 Family 6 Model 69 Stepping 1, GenuineIntel



---------------  S Y S T E M  ---------------

OS: Windows 7 , 64 bit Build 7601 (6.1.7601.23418)

CPU:total 4 (2 cores per cpu, 2 threads per core) family 6 model 69 stepping 1, cmov, cx8, fxsr, mmx, sse, sse2, sse3, ssse3, sse4.1, sse4.2, popcnt, avx, avx2, aes, clmul, erms, lzcnt, ht, tsc, tscinvbit, bmi1, bmi2

Memory: 4k page, physical 8283248k(94896k free), swap 12475692k(4364k free)

vm_info: Java HotSpot(TM) 64-Bit Server VM (25.74-b02) for windows-amd64 JRE (1.8.0_74-b02), built on Jan 29 2016 17:42:36 by "java_re" with MS VC++ 10.0 (VS2010)

time: Tue Jun 28 10:10:10 2016
elapsed time: 2 seconds (0d 0h 0m 2s)

