#
# There is insufficient memory for the Java Runtime Environment to continue.
# Native memory allocation (malloc) failed to allocate 467936 bytes for Chunk::new
# Possible reasons:
#   The system is out of physical RAM or swap space
#   In 32 bit mode, the process size limit was hit
# Possible solutions:
#   Reduce memory load on the system
#   Increase physical memory or swap space
#   Check if swap backing store is full
#   Use 64 bit Java on a 64 bit OS
#   Decrease Java heap size (-Xmx/-Xms)
#   Decrease number of Java threads
#   Decrease Java thread stack sizes (-Xss)
#   Set larger code cache with -XX:ReservedCodeCacheSize=
# This output file may be truncated or incomplete.
#
#  Out of Memory Error (allocation.cpp:390), pid=14544, tid=3436
#
# JRE version: Java(TM) SE Runtime Environment (8.0_74-b02) (build 1.8.0_74-b02)
# Java VM: Java HotSpot(TM) 64-Bit Server VM (25.74-b02 mixed mode windows-amd64 compressed oops)
# Failed to write core dump. Minidumps are not enabled by default on client versions of Windows
#

---------------  T H R E A D  ---------------

Current thread (0x0000000056ac5800):  JavaThread "C2 CompilerThread1" daemon [_thread_in_native, id=3436, stack(0x0000000056fa0000,0x00000000570a0000)]

Stack: [0x0000000056fa0000,0x00000000570a0000]
[error occurred during error reporting (printing stack bounds), id 0xc0000005]

Native frames: (J=compiled Java code, j=interpreted, Vv=VM code, C=native code)


Current CompileTask:
C2:   2038  589       4       com.android.dx.ssa.NormalSsaInsn::accept (25 bytes)


---------------  P R O C E S S  ---------------

Java Threads: ( => current thread )
  0x0000000056d16000 JavaThread "pool-2-thread-4" [_thread_in_Java, id=15032, stack(0x0000000057ae0000,0x0000000057be0000)]
  0x0000000056d1a000 JavaThread "pool-2-thread-3" [_thread_in_Java, id=10988, stack(0x0000000057720000,0x0000000057820000)]
  0x0000000056bcf800 JavaThread "pool-2-thread-2" [_thread_in_Java, id=13600, stack(0x00000000578a0000,0x00000000579a0000)]
  0x0000000056bc9000 JavaThread "pool-3-thread-1" [_thread_blocked, id=4084, stack(0x00000000575e0000,0x00000000576e0000)]
  0x0000000056bc8000 JavaThread "pool-2-thread-1" [_thread_in_Java, id=18452, stack(0x0000000057160000,0x0000000057260000)]
  0x0000000056ac7000 JavaThread "Service Thread" daemon [_thread_blocked, id=10388, stack(0x0000000057290000,0x0000000057390000)]
  0x0000000054a5f000 JavaThread "C1 CompilerThread2" daemon [_thread_in_native, id=13716, stack(0x0000000056e80000,0x0000000056f80000)]
=>0x0000000056ac5800 JavaThread "C2 CompilerThread1" daemon [_thread_in_native, id=3436, stack(0x0000000056fa0000,0x00000000570a0000)]
  0x0000000054a58000 JavaThread "C2 CompilerThread0" daemon [_thread_in_native, id=15500, stack(0x0000000056970000,0x0000000056a70000)]
  0x0000000054a55000 JavaThread "Attach Listener" daemon [_thread_blocked, id=14160, stack(0x0000000056770000,0x0000000056870000)]
  0x0000000054a52000 JavaThread "Signal Dispatcher" daemon [_thread_blocked, id=15604, stack(0x0000000056870000,0x0000000056970000)]
  0x0000000054a3b000 JavaThread "Finalizer" daemon [_thread_blocked, id=11864, stack(0x0000000056630000,0x0000000056730000)]
  0x00000000549f3800 JavaThread "Reference Handler" daemon [_thread_blocked, id=3132, stack(0x0000000056530000,0x0000000056630000)]
  0x0000000001e2e800 JavaThread "main" [_thread_in_native, id=16228, stack(0x0000000002030000,0x0000000002130000)]

Other Threads:
  0x00000000549ec000 VMThread [stack: 0x00000000563f0000,0x00000000564f0000] [id=17052]
  0x0000000056ae0800 WatcherThread [stack: 0x00000000573e0000,0x00000000574e0000] [id=19068]

VM state:not at safepoint (normal execution)

VM Mutex/Monitor currently owned by a thread: None

Heap:
 PSYoungGen      total 38400K, used 14032K [0x00000000eab00000, 0x00000000ed580000, 0x0000000100000000)
  eden space 33280K, 42% used [0x00000000eab00000,0x00000000eb8b42e8,0x00000000ecb80000)
  from space 5120K, 0% used [0x00000000ed080000,0x00000000ed080000,0x00000000ed580000)
  to   space 5120K, 0% used [0x00000000ecb80000,0x00000000ecb80000,0x00000000ed080000)
 ParOldGen       total 87552K, used 0K [0x00000000c0000000, 0x00000000c5580000, 0x00000000eab00000)
  object space 87552K, 0% used [0x00000000c0000000,0x00000000c0000000,0x00000000c5580000)
 Metaspace       used 5447K, capacity 6640K, committed 6784K, reserved 1056768K
  class space    used 575K, capacity 616K, committed 640K, reserved 1048576K

Card table byte_map: [0x00000000117c0000,0x00000000119d0000] byte_map_base: 0x00000000111c0000

Marking Bits: (ParMarkBitMap*) 0x0000000055e20600
 Begin Bits: [0x0000000011e60000, 0x0000000012e60000)
 End Bits:   [0x0000000012e60000, 0x0000000013e60000)

Polling page: 0x0000000000310000

CodeCache: size=245760Kb used=2445Kb max_used=2457Kb free=243314Kb
 bounds [0x0000000002400000, 0x0000000002670000, 0x0000000011400000]
 total_blobs=850 nmethods=589 adapters=174
 compilation: enabled

Compilation events (10 events):
Event: 1.981 Thread 0x0000000054a5f000  592   !   3       com.android.dx.cf.code.RopperMachine::run (1550 bytes)
Event: 1.982 Thread 0x0000000054a58000  601       4       com.android.dx.ssa.NormalSsaInsn::getOpcode (8 bytes)
Event: 1.982 Thread 0x0000000054a58000 nmethod 601 0x0000000002655450 code [0x0000000002655580, 0x00000000026555f8]
Event: 1.989 Thread 0x0000000054a58000  607       4       com.android.dx.rop.code.RegisterSpec::getCategory (13 bytes)
Event: 1.990 Thread 0x0000000054a58000 nmethod 607 0x00000000026570d0 code [0x0000000002657220, 0x00000000026572b8]
Event: 1.992 Thread 0x0000000054a58000  608       4       com.android.dx.rop.type.Type::hashCode (8 bytes)
Event: 1.995 Thread 0x0000000054a58000 nmethod 608 0x0000000002665490 code [0x00000000026655c0, 0x0000000002665718]
Event: 1.998 Thread 0x0000000054a58000  612       4       com.android.dx.rop.code.RegisterSpecList::get (9 bytes)
Event: 1.999 Thread 0x0000000054a58000 nmethod 612 0x0000000002665150 code [0x00000000026652a0, 0x0000000002665358]
Event: 2.000 Thread 0x0000000054a58000  613       4       java.util.HashMap::containsKey (18 bytes)

GC Heap History (0 events):
No events

Deoptimization events (1 events):
Event: 1.814 Thread 0x0000000056d16000 Uncommon trap: reason=unstable_if action=reinterpret pc=0x00000000025d95f0 method=java.util.HashMap.getNode(ILjava/lang/Object;)Ljava/util/HashMap$Node; @ 62

Internal exceptions (2 events):
Event: 0.262 Thread 0x0000000001e2e800 Exception <a 'java/lang/NoSuchMethodError': Method sun.misc.Unsafe.defineClass(Ljava/lang/String;[BII)Ljava/lang/Class; name or signature does not match> (0x00000000eab07cc0) thrown at [C:\re\workspace\8-2-build-windows-amd64-cygwin\jdk8u74\6087\hotspot\srI0БёПа?
Event: 0.262 Thread 0x0000000001e2e800 Exception <a 'java/lang/NoSuchMethodError': Method sun.misc.Unsafe.prefetchRead(Ljava/lang/Object;J)V name or signature does not match> (0x00000000eab07fa8) thrown at [C:\re\workspace\8-2-build-windows-amd64-cygwin\jdk8u74\6087\hotspot\src\share\vm\prims\j

Events (10 events):
Event: 1.904 loading class com/android/dx/rop/annotation/AnnotationsList
Event: 1.904 loading class com/android/dx/rop/annotation/AnnotationsList done
Event: 1.904 loading class com/android/dx/dex/file/MethodIdItem
Event: 1.904 loading class com/android/dx/dex/file/MethodIdItem done
Event: 1.905 loading class com/android/dx/cf/code/SwitchList
Event: 1.905 loading class com/android/dx/cf/code/SwitchList done
Event: 1.920 loading class com/android/dx/ssa/back/FirstFitLocalCombiningAllocator$Multiset
Event: 1.920 loading class com/android/dx/ssa/back/FirstFitLocalCombiningAllocator$Multiset done
Event: 1.925 loading class java/util/DualPivotQuicksort
Event: 1.925 loading class java/util/DualPivotQuicksort done


Dynamic libraries:
0x000000013f570000 - 0x000000013f5a7000 	C:\Program Files\Java\jdk1.8.0_74\bin\java.exe
0x0000000077770000 - 0x000000007791a000 	C:\Windows\SYSTEM32\ntdll.dll
0x0000000077550000 - 0x000000007766f000 	C:\Windows\system32\kernel32.dll
0x000007fefd840000 - 0x000007fefd8aa000 	C:\Windows\system32\KERNELBASE.dll
0x000007fefe560000 - 0x000007fefe63b000 	C:\Windows\system32\ADVAPI32.dll
0x000007fefdf40000 - 0x000007fefdfdf000 	C:\Windows\system32\msvcrt.dll
0x000007fefe4a0000 - 0x000007fefe4bf000 	C:\Windows\SYSTEM32\sechost.dll
0x000007fefd8b0000 - 0x000007fefd9dd000 	C:\Windows\system32\RPCRT4.dll
0x0000000077670000 - 0x000000007776a000 	C:\Windows\system32\USER32.dll
0x000007fefe890000 - 0x000007fefe8f7000 	C:\Windows\system32\GDI32.dll
0x000007fefe3d0000 - 0x000007fefe3de000 	C:\Windows\system32\LPK.dll
0x000007fefe6b0000 - 0x000007fefe77a000 	C:\Windows\system32\USP10.dll
0x000007fefc550000 - 0x000007fefc744000 	C:\Windows\WinSxS\amd64_microsoft.windows.common-controls_6595b64144ccf1df_6.0.7601.18837_none_fa3b1e3d17594757\COMCTL32.dll
0x000007fefe0f0000 - 0x000007fefe161000 	C:\Windows\system32\SHLWAPI.dll
0x000007fefe860000 - 0x000007fefe88e000 	C:\Windows\system32\IMM32.DLL
0x000007fefdfe0000 - 0x000007fefe0e9000 	C:\Windows\system32\MSCTF.dll
0x0000000060100000 - 0x00000000601d2000 	C:\Program Files\Java\jdk1.8.0_74\jre\bin\msvcr100.dll
0x0000000055610000 - 0x0000000055ea0000 	C:\Program Files\Java\jdk1.8.0_74\jre\bin\server\jvm.dll
0x000007fefb4a0000 - 0x000007fefb4a9000 	C:\Windows\system32\WSOCK32.dll
0x000007fefe170000 - 0x000007fefe1bd000 	C:\Windows\system32\WS2_32.dll
0x000007fefe6a0000 - 0x000007fefe6a8000 	C:\Windows\system32\NSI.dll
0x000007fefbbf0000 - 0x000007fefbc2b000 	C:\Windows\system32\WINMM.dll
0x000007fefc270000 - 0x000007fefc27c000 	C:\Windows\system32\VERSION.dll
0x0000000077940000 - 0x0000000077947000 	C:\Windows\system32\PSAPI.DLL
0x0000000068ad0000 - 0x0000000068adf000 	C:\Program Files\Java\jdk1.8.0_74\jre\bin\verify.dll
0x0000000064800000 - 0x0000000064829000 	C:\Program Files\Java\jdk1.8.0_74\jre\bin\java.dll
0x00000000639d0000 - 0x00000000639e6000 	C:\Program Files\Java\jdk1.8.0_74\jre\bin\zip.dll
0x000007fefea90000 - 0x000007feff819000 	C:\Windows\system32\SHELL32.dll
0x000007fefe1c0000 - 0x000007fefe3c3000 	C:\Windows\system32\ole32.dll
0x000007fefd4f0000 - 0x000007fefd4ff000 	C:\Windows\system32\profapi.dll

VM Arguments:
jvm_args: -Djava.awt.headless=true -Xmx1024M -Dfile.encoding=windows-1252 -Duser.country=US -Duser.language=en -Duser.variant 
java_command: com.android.dx.command.Main --dex --force-jumbo --num-threads=4 --multi-dex --output C:\Anirudh\Learn\Udacity\AndroidBasics\QuizApp1\app\build\intermediates\transforms\dex\debug\folders\1000\5\slice_9 C:\Anirudh\Learn\Udacity\AndroidBasics\QuizApp1\app\build\intermediates\transforms\instantRunSlicer\debug\folders\1\5\slice_9
java_class_path (initial): C:\Users\anirudha.joshi\AppData\Local\Android\sdk\build-tools\23.0.3\lib\dx.jar
Launcher Type: SUN_STANDARD

Environment Variables:
PATH=C:\ProgramData\Oracle\Java\javapath;c:\Program Files (x86)\Intel\iCLS Client\;c:\Program Files\Intel\iCLS Client\;C:\Windows\SYSTEM32;C:\Windows;C:\Windows\SYSTEM32\WBEM;C:\Windows\SYSTEM32\WINDOWSPOWERSHELL\V1.0\;C:\PROGRAM FILES (X86)\ATI TECHNOLOGIES\ATI.ACE\CORE-STATIC;C:\PROGRAM FILES (X86)\COMMON FILES\ROXIO SHARED\OEM\DLLSHARED\;C:\PROGRAM FILES (X86)\COMMON FILES\ROXIO SHARED\OEM\DLLSHARED\;C:\PROGRAM FILES (X86)\COMMON FILES\ROXIO SHARED\OEM\12.0\DLLSHARED\;C:\PROGRAM FILES (X86)\ROXIO\OEM\AUDIOCORE\;C:\PROGRAM FILES (X86)\INTEL\SERVICES\IPT\;;c:\Program Files\WIDCOMM\Bluetooth Software\;c:\Program Files\WIDCOMM\Bluetooth Software\syswow64;;C:\Program Files\Intel\Intel(R) Management Engine Components\DAL;C:\Program Files\Intel\Intel(R) Management Engine Components\IPT;C:\Program Files (x86)\Intel\Intel(R) Management Engine Components\DAL;C:\Program Files (x86)\Intel\Intel(R) Management Engine Components\IPT;C:\Program Files (x86)\Microsoft SQL Server\100\Tools\Binn\;C:\Program Files\Microsoft SQL Server\100\Tools\Binn\;C:\Program Files\Microsoft SQL Server\100\DTS\Binn\;C:\Program Files (x86)\Microsoft SQL Server\100\Tools\Binn\VSShell\Common7\IDE\;C:\Program Files (x86)\Microsoft Visual Studio 9.0\Common7\IDE\PrivateAssemblies\;C:\Program Files (x86)\Microsoft SQL Server\100\DTS\Binn\;c:\Program Files\Microsoft SQL Server\110\Tools\Binn\;c:\Program Files (x86)\Microsoft SQL Server\110\Tools\Binn\;c:\Program Files\Microsoft SQL Server\110\DTS\Binn\;c:\Program Files (x86)\Microsoft SQL Server\110\Tools\Binn\ManagementStudio\;c:\Program Files (x86)\Microsoft SQL Server\110\DTS\Binn\;C:\opscode\chef\bin\;C:\Program Files\Microsoft SQL Server\130\Tools\Binn\;C:\Anirudh\Learn\Udacity\Python\Scripts\;C:\Anirudh\Learn\Udacity\Python\;C:\Chocolatey\bin;C:\Users\anirudha.joshi\AppData\Roaming\scriptcs;c:\Inveshare\projects\xsd;
USERNAME=anirudha.joshi
OS=Windows_NT
PROCESSOR_IDENTIFIER=Intel64 Family 6 Model 69 Stepping 1, GenuineIntel



---------------  S Y S T E M  ---------------

OS: Windows 7 , 64 bit Build 7601 (6.1.7601.23418)

CPU:total 4 (2 cores per cpu, 2 threads per core) family 6 model 69 stepping 1, cmov, cx8, fxsr, mmx, sse, sse2, sse3, ssse3, sse4.1, sse4.2, popcnt, avx, avx2, aes, clmul, erms, lzcnt, ht, tsc, tscinvbit, bmi1, bmi2

Memory: 4k page, physical 8283248k(105712k free), swap 12475692k(4884k free)

vm_info: Java HotSpot(TM) 64-Bit Server VM (25.74-b02) for windows-amd64 JRE (1.8.0_74-b02), built on Jan 29 2016 17:42:36 by "java_re" with MS VC++ 10.0 (VS2010)

time: Tue Jun 28 10:10:10 2016
elapsed time: 2 seconds (0d 0h 0m 2s)

