#
# There is insufficient memory for the Java Runtime Environment to continue.
# Native memory allocation (malloc) failed to allocate 503568 bytes for Chunk::new
# Possible reasons:
#   The system is out of physical RAM or swap space
#   In 32 bit mode, the process size limit was hit
# Possible solutions:
#   Reduce memory load on the system
#   Increase physical memory or swap space
#   Check if swap backing store is full
#   Use 64 bit Java on a 64 bit OS
#   Decrease Java heap size (-Xmx/-Xms)
#   Decrease number of Java threads
#   Decrease Java thread stack sizes (-Xss)
#   Set larger code cache with -XX:ReservedCodeCacheSize=
# This output file may be truncated or incomplete.
#
#  Out of Memory Error (allocation.cpp:390), pid=14936, tid=6716
#
# JRE version: Java(TM) SE Runtime Environment (8.0_74-b02) (build 1.8.0_74-b02)
# Java VM: Java HotSpot(TM) 64-Bit Server VM (25.74-b02 mixed mode windows-amd64 compressed oops)
# Failed to write core dump. Minidumps are not enabled by default on client versions of Windows
#

---------------  T H R E A D  ---------------

Current thread (0x0000000056e68000):  JavaThread "C2 CompilerThread1" daemon [_thread_in_native, id=6716, stack(0x00000000573e0000,0x00000000574e0000)]

Stack: [0x00000000573e0000,0x00000000574e0000]
[error occurred during error reporting (printing stack bounds), id 0xc0000005]

Native frames: (J=compiled Java code, j=interpreted, Vv=VM code, C=native code)


Current CompileTask:
C2:   2231 1174   !   4       com.android.dx.cf.code.BytecodeArray::parseInstruction (2764 bytes)


---------------  P R O C E S S  ---------------

Java Threads: ( => current thread )
  0x000000005707e000 JavaThread "pool-2-thread-4" [_thread_blocked, id=15628, stack(0x00000000580a0000,0x00000000581a0000)]
  0x0000000056f93800 JavaThread "pool-3-thread-1" [_thread_blocked, id=19108, stack(0x0000000057b50000,0x0000000057c50000)]
  0x0000000056e6d000 JavaThread "Service Thread" daemon [_thread_blocked, id=14312, stack(0x0000000057240000,0x0000000057340000)]
  0x0000000056e68800 JavaThread "C1 CompilerThread2" daemon [_thread_blocked, id=16636, stack(0x00000000575a0000,0x00000000576a0000)]
=>0x0000000056e68000 JavaThread "C2 CompilerThread1" daemon [_thread_in_native, id=6716, stack(0x00000000573e0000,0x00000000574e0000)]
  0x0000000054c98000 JavaThread "C2 CompilerThread0" daemon [_thread_in_native, id=12432, stack(0x0000000056d10000,0x0000000056e10000)]
  0x0000000054c94800 JavaThread "Attach Listener" daemon [_thread_blocked, id=14540, stack(0x0000000056510000,0x0000000056610000)]
  0x0000000054c92800 JavaThread "Signal Dispatcher" daemon [_thread_blocked, id=12508, stack(0x0000000056be0000,0x0000000056ce0000)]
  0x0000000054c7b000 JavaThread "Finalizer" daemon [_thread_blocked, id=10376, stack(0x0000000056a00000,0x0000000056b00000)]
  0x0000000054c34000 JavaThread "Reference Handler" daemon [_thread_blocked, id=14848, stack(0x0000000056870000,0x0000000056970000)]
  0x0000000001e7e800 JavaThread "main" [_thread_blocked, id=14644, stack(0x00000000020e0000,0x00000000021e0000)]

Other Threads:
  0x0000000054c2c000 VMThread [stack: 0x0000000056660000,0x0000000056760000] [id=5232]
  0x0000000056e72000 WatcherThread [stack: 0x0000000057800000,0x0000000057900000] [id=17156]

VM state:not at safepoint (normal execution)

VM Mutex/Monitor currently owned by a thread: None

Heap:
 PSYoungGen      total 38400K, used 32902K [0x00000000eab00000, 0x00000000ed580000, 0x0000000100000000)
  eden space 33280K, 98% used [0x00000000eab00000,0x00000000ecb21a58,0x00000000ecb80000)
  from space 5120K, 0% used [0x00000000ed080000,0x00000000ed080000,0x00000000ed580000)
  to   space 5120K, 0% used [0x00000000ecb80000,0x00000000ecb80000,0x00000000ed080000)
 ParOldGen       total 87552K, used 0K [0x00000000c0000000, 0x00000000c5580000, 0x00000000eab00000)
  object space 87552K, 0% used [0x00000000c0000000,0x00000000c0000000,0x00000000c5580000)
 Metaspace       used 5965K, capacity 6900K, committed 7040K, reserved 1056768K
  class space    used 605K, capacity 620K, committed 640K, reserved 1048576K

Card table byte_map: [0x0000000011870000,0x0000000011a80000] byte_map_base: 0x0000000011270000

Marking Bits: (ParMarkBitMap*) 0x0000000055e20600
 Begin Bits: [0x00000000120a0000, 0x00000000130a0000)
 End Bits:   [0x00000000130a0000, 0x00000000140a0000)

Polling page: 0x00000000001a0000

CodeCache: size=245760Kb used=4550Kb max_used=4550Kb free=241209Kb
 bounds [0x00000000024b0000, 0x0000000002930000, 0x00000000114b0000]
 total_blobs=1432 nmethods=1163 adapters=182
 compilation: enabled

Compilation events (10 events):
Event: 2.100 Thread 0x0000000056e68800 1193       1       java.util.concurrent.locks.AbstractOwnableSynchronizer::getExclusiveOwnerThread (5 bytes)
Event: 2.100 Thread 0x0000000056e68800 nmethod 1193 0x0000000002917350 code [0x00000000029174a0, 0x00000000029175b0]
Event: 2.111 Thread 0x0000000056e68000 nmethod 1166 0x000000000291e510 code [0x000000000291e700, 0x000000000291fa98]
Event: 2.111 Thread 0x0000000056e68000 1190       4       com.android.dx.ssa.SsaMethod::deleteInsns (239 bytes)
Event: 2.140 Thread 0x0000000056e68000 nmethod 1190 0x0000000002920ed0 code [0x00000000029210a0, 0x0000000002921cc8]
Event: 2.140 Thread 0x0000000056e68000 1176       4       java.util.ArrayList::grow (45 bytes)
Event: 2.143 Thread 0x0000000056e68000 nmethod 1176 0x0000000002915550 code [0x00000000029156a0, 0x00000000029158d8]
Event: 2.143 Thread 0x0000000056e68000 1174   !   4       com.android.dx.cf.code.BytecodeArray::parseInstruction (2764 bytes)
Event: 2.185 Thread 0x0000000054c98000 nmethod 1173% 0x00000000029230d0 code [0x00000000029232a0, 0x00000000029240f8]
Event: 2.185 Thread 0x0000000054c98000 1175       4       com.android.dx.util.LabeledList::set (45 bytes)

GC Heap History (0 events):
No events

Deoptimization events (10 events):
Event: 1.183 Thread 0x0000000001e7e800 Uncommon trap: reason=unstable_if action=reinterpret pc=0x00000000026c4774 method=java.util.HashMap.getNode(ILjava/lang/Object;)Ljava/util/HashMap$Node; @ 62
Event: 1.364 Thread 0x0000000001e7e800 Uncommon trap: reason=unstable_if action=reinterpret pc=0x000000000271244c method=java.util.HashMap.getNode(ILjava/lang/Object;)Ljava/util/HashMap$Node; @ 129
Event: 1.520 Thread 0x0000000056f94000 Uncommon trap: reason=unstable_if action=reinterpret pc=0x00000000027453c4 method=com.android.dx.rop.cst.Constant.compareTo(Lcom/android/dx/rop/cst/Constant;)I @ 12
Event: 1.629 Thread 0x0000000056f94000 Uncommon trap: reason=unstable_if action=reinterpret pc=0x0000000002714ee0 method=java.util.HashMap.getNode(ILjava/lang/Object;)Ljava/util/HashMap$Node; @ 129
Event: 1.718 Thread 0x0000000056f94000 Uncommon trap: reason=unstable_if action=reinterpret pc=0x00000000027436dc method=com.android.dx.rop.code.RegisterSpecSet.put(Lcom/android/dx/rop/code/RegisterSpec;)V @ 77
Event: 1.718 Thread 0x0000000056f94000 Uncommon trap: reason=unstable_if action=reinterpret pc=0x0000000002818758 method=com.android.dx.rop.code.RegisterSpecSet.put(Lcom/android/dx/rop/code/RegisterSpec;)V @ 77
Event: 1.723 Thread 0x0000000056f94000 Uncommon trap: reason=bimorphic action=maybe_recompile pc=0x0000000002744498 method=java.util.HashMap.getNode(ILjava/lang/Object;)Ljava/util/HashMap$Node; @ 126
Event: 1.723 Thread 0x0000000056f94000 Uncommon trap: reason=class_check action=maybe_recompile pc=0x0000000002835044 method=java.util.HashMap.putVal(ILjava/lang/Object;Ljava/lang/Object;ZZ)Ljava/lang/Object; @ 203
Event: 1.912 Thread 0x0000000056f94000 Uncommon trap: reason=null_check action=make_not_entrant pc=0x0000000002816218 method=com.android.dx.rop.type.Type.equals(Ljava/lang/Object;)Z @ 8
Event: 1.927 Thread 0x0000000056f94000 Uncommon trap: reason=unstable_if action=reinterpret pc=0x000000000273dbec method=com.android.dx.rop.code.RegisterSpec.equals(ILcom/android/dx/rop/type/TypeBearer;Lcom/android/dx/rop/code/LocalItem;)Z @ 42

Internal exceptions (3 events):
Event: 0.146 Thread 0x0000000001e7e800 Exception <a 'java/lang/NoSuchMethodError': Method sun.misc.Unsafe.defineClass(Ljava/lang/String;[BII)Ljava/lang/Class; name or signature does not match> (0x00000000eab07cc0) thrown at [C:\re\workspace\8-2-build-windows-amd64-cygwin\jdk8u74\6087\hotspot\sr¢EgÀ±±Â?
Event: 0.146 Thread 0x0000000001e7e800 Exception <a 'java/lang/NoSuchMethodError': Method sun.misc.Unsafe.prefetchRead(Ljava/lang/Object;J)V name or signature does not match> (0x00000000eab07fa8) thrown at [C:\re\workspace\8-2-build-windows-amd64-cygwin\jdk8u74\6087\hotspot\src\share\vm\prims\jí1»iÅ•þ?
Event: 1.912 Thread 0x0000000056f94000 Implicit null exception at 0x0000000002816112 to 0x000000000281620a

Events (10 events):
Event: 1.840 Executing VM operation: ForceSafepoint done
Event: 1.912 Thread 0x0000000056f94000 Uncommon trap: trap_request=0xfffffff4 fr.pc=0x0000000002816218
Event: 1.912 Thread 0x0000000056f94000 DEOPT PACKING pc=0x0000000002816218 sp=0x0000000057e0e470
Event: 1.912 Thread 0x0000000056f94000 DEOPT UNPACKING pc=0x00000000024f582a sp=0x0000000057e0e3f8 mode 2
Event: 1.927 Thread 0x0000000056f94000 Uncommon trap: trap_request=0xffffff65 fr.pc=0x000000000273dbec
Event: 1.927 Thread 0x0000000056f94000 DEOPT PACKING pc=0x000000000273dbec sp=0x0000000057e0e790
Event: 1.927 Thread 0x0000000056f94000 DEOPT UNPACKING pc=0x00000000024f582a sp=0x0000000057e0e718 mode 2
Event: 1.957 Thread 0x000000005707b000 Thread exited: 0x000000005707b000
Event: 2.006 Thread 0x0000000056f8e000 Thread exited: 0x0000000056f8e000
Event: 2.096 Thread 0x0000000056f94000 Thread exited: 0x0000000056f94000


Dynamic libraries:
0x000000013f570000 - 0x000000013f5a7000 	C:\Program Files\Java\jdk1.8.0_74\bin\java.exe
0x0000000077770000 - 0x000000007791a000 	C:\Windows\SYSTEM32\ntdll.dll
0x0000000077550000 - 0x000000007766f000 	C:\Windows\system32\kernel32.dll
0x000007fefd840000 - 0x000007fefd8aa000 	C:\Windows\system32\KERNELBASE.dll
0x000007fefe560000 - 0x000007fefe63b000 	C:\Windows\system32\ADVAPI32.dll
0x000007fefdf40000 - 0x000007fefdfdf000 	C:\Windows\system32\msvcrt.dll
0x000007fefe4a0000 - 0x000007fefe4bf000 	C:\Windows\SYSTEM32\sechost.dll
0x000007fefd8b0000 - 0x000007fefd9dd000 	C:\Windows\system32\RPCRT4.dll
0x0000000077670000 - 0x000000007776a000 	C:\Windows\system32\USER32.dll
0x000007fefe890000 - 0x000007fefe8f7000 	C:\Windows\system32\GDI32.dll
0x000007fefe3d0000 - 0x000007fefe3de000 	C:\Windows\system32\LPK.dll
0x000007fefe6b0000 - 0x000007fefe77a000 	C:\Windows\system32\USP10.dll
0x000007fefc550000 - 0x000007fefc744000 	C:\Windows\WinSxS\amd64_microsoft.windows.common-controls_6595b64144ccf1df_6.0.7601.18837_none_fa3b1e3d17594757\COMCTL32.dll
0x000007fefe0f0000 - 0x000007fefe161000 	C:\Windows\system32\SHLWAPI.dll
0x000007fefe860000 - 0x000007fefe88e000 	C:\Windows\system32\IMM32.DLL
0x000007fefdfe0000 - 0x000007fefe0e9000 	C:\Windows\system32\MSCTF.dll
0x0000000060100000 - 0x00000000601d2000 	C:\Program Files\Java\jdk1.8.0_74\jre\bin\msvcr100.dll
0x0000000055610000 - 0x0000000055ea0000 	C:\Program Files\Java\jdk1.8.0_74\jre\bin\server\jvm.dll
0x000007fefb4a0000 - 0x000007fefb4a9000 	C:\Windows\system32\WSOCK32.dll
0x000007fefe170000 - 0x000007fefe1bd000 	C:\Windows\system32\WS2_32.dll
0x000007fefe6a0000 - 0x000007fefe6a8000 	C:\Windows\system32\NSI.dll
0x000007fefbbf0000 - 0x000007fefbc2b000 	C:\Windows\system32\WINMM.dll
0x000007fefc270000 - 0x000007fefc27c000 	C:\Windows\system32\VERSION.dll
0x0000000077940000 - 0x0000000077947000 	C:\Windows\system32\PSAPI.DLL
0x0000000068ad0000 - 0x0000000068adf000 	C:\Program Files\Java\jdk1.8.0_74\jre\bin\verify.dll
0x0000000064800000 - 0x0000000064829000 	C:\Program Files\Java\jdk1.8.0_74\jre\bin\java.dll
0x00000000639d0000 - 0x00000000639e6000 	C:\Program Files\Java\jdk1.8.0_74\jre\bin\zip.dll
0x000007fefea90000 - 0x000007feff819000 	C:\Windows\system32\SHELL32.dll
0x000007fefe1c0000 - 0x000007fefe3c3000 	C:\Windows\system32\ole32.dll
0x000007fefd4f0000 - 0x000007fefd4ff000 	C:\Windows\system32\profapi.dll

VM Arguments:
jvm_args: -Djava.awt.headless=true -Xmx1024M -Dfile.encoding=windows-1252 -Duser.country=US -Duser.language=en -Duser.variant 
java_command: com.android.dx.command.Main --dex --force-jumbo --num-threads=4 --multi-dex --output C:\Anirudh\Learn\Udacity\AndroidBasics\QuizApp1\app\build\intermediates\transforms\dex\debug\folders\1000\10\com.android.support-support-vector-drawable-24.0.0_a0e9e08732d7aa45555e78522a4dc2d04d8e7ecf C:\Anirudh\Learn\Udacity\AndroidBasics\QuizApp1\app\build\intermediates\exploded-aar\com.android.support\support-vector-drawable\24.0.0\jars\classes.jar
java_class_path (initial): C:\Users\anirudha.joshi\AppData\Local\Android\sdk\build-tools\23.0.3\lib\dx.jar
Launcher Type: SUN_STANDARD

Environment Variables:
PATH=C:\ProgramData\Oracle\Java\javapath;c:\Program Files (x86)\Intel\iCLS Client\;c:\Program Files\Intel\iCLS Client\;C:\Windows\SYSTEM32;C:\Windows;C:\Windows\SYSTEM32\WBEM;C:\Windows\SYSTEM32\WINDOWSPOWERSHELL\V1.0\;C:\PROGRAM FILES (X86)\ATI TECHNOLOGIES\ATI.ACE\CORE-STATIC;C:\PROGRAM FILES (X86)\COMMON FILES\ROXIO SHARED\OEM\DLLSHARED\;C:\PROGRAM FILES (X86)\COMMON FILES\ROXIO SHARED\OEM\DLLSHARED\;C:\PROGRAM FILES (X86)\COMMON FILES\ROXIO SHARED\OEM\12.0\DLLSHARED\;C:\PROGRAM FILES (X86)\ROXIO\OEM\AUDIOCORE\;C:\PROGRAM FILES (X86)\INTEL\SERVICES\IPT\;;c:\Program Files\WIDCOMM\Bluetooth Software\;c:\Program Files\WIDCOMM\Bluetooth Software\syswow64;;C:\Program Files\Intel\Intel(R) Management Engine Components\DAL;C:\Program Files\Intel\Intel(R) Management Engine Components\IPT;C:\Program Files (x86)\Intel\Intel(R) Management Engine Components\DAL;C:\Program Files (x86)\Intel\Intel(R) Management Engine Components\IPT;C:\Program Files (x86)\Microsoft SQL Server\100\Tools\Binn\;C:\Program Files\Microsoft SQL Server\100\Tools\Binn\;C:\Program Files\Microsoft SQL Server\100\DTS\Binn\;C:\Program Files (x86)\Microsoft SQL Server\100\Tools\Binn\VSShell\Common7\IDE\;C:\Program Files (x86)\Microsoft Visual Studio 9.0\Common7\IDE\PrivateAssemblies\;C:\Program Files (x86)\Microsoft SQL Server\100\DTS\Binn\;c:\Program Files\Microsoft SQL Server\110\Tools\Binn\;c:\Program Files (x86)\Microsoft SQL Server\110\Tools\Binn\;c:\Program Files\Microsoft SQL Server\110\DTS\Binn\;c:\Program Files (x86)\Microsoft SQL Server\110\Tools\Binn\ManagementStudio\;c:\Program Files (x86)\Microsoft SQL Server\110\DTS\Binn\;C:\opscode\chef\bin\;C:\Program Files\Microsoft SQL Server\130\Tools\Binn\;C:\Anirudh\Learn\Udacity\Python\Scripts\;C:\Anirudh\Learn\Udacity\Python\;C:\Chocolatey\bin;C:\Users\anirudha.joshi\AppData\Roaming\scriptcs;c:\Inveshare\projects\xsd;
USERNAME=anirudha.joshi
OS=Windows_NT
PROCESSOR_IDENTIFIER=Intel64 Family 6 Model 69 Stepping 1, GenuineIntel



---------------  S Y S T E M  ---------------

OS: Windows 7 , 64 bit Build 7601 (6.1.7601.23418)

CPU:total 4 (2 cores per cpu, 2 threads per core) family 6 model 69 stepping 1, cmov, cx8, fxsr, mmx, sse, sse2, sse3, ssse3, sse4.1, sse4.2, popcnt, avx, avx2, aes, clmul, erms, lzcnt, ht, tsc, tscinvbit, bmi1, bmi2

Memory: 4k page, physical 8283248k(107608k free), swap 12475692k(5124k free)

vm_info: Java HotSpot(TM) 64-Bit Server VM (25.74-b02) for windows-amd64 JRE (1.8.0_74-b02), built on Jan 29 2016 17:42:36 by "java_re" with MS VC++ 10.0 (VS2010)

time: Tue Jun 28 10:10:10 2016
elapsed time: 2 seconds (0d 0h 0m 2s)

